<?xml version="1.0" encoding="UTF-8"?>
<testsuite name="br.com.geradordedevs.picpaychallenge.facades.impl.UserFacadeImplTest" tests="6" skipped="0" failures="0" errors="0" timestamp="2023-04-03T19:18:11" hostname="mario-Inspiron-3501" time="0.18">
  <properties/>
  <testcase name="findByIdShoulReturnOk" classname="br.com.geradordedevs.picpaychallenge.facades.impl.UserFacadeImplTest" time="0.156"/>
  <testcase name="getUsersShouldReturnOk" classname="br.com.geradordedevs.picpaychallenge.facades.impl.UserFacadeImplTest" time="0.003"/>
  <testcase name="saveUsersWithCpfShouldReturnOk" classname="br.com.geradordedevs.picpaychallenge.facades.impl.UserFacadeImplTest" time="0.003"/>
  <testcase name="saveUsersWithCnpjShouldReturnOk" classname="br.com.geradordedevs.picpaychallenge.facades.impl.UserFacadeImplTest" time="0.004"/>
  <testcase name="deleteUserShouldReturnOk" classname="br.com.geradordedevs.picpaychallenge.facades.impl.UserFacadeImplTest" time="0.007"/>
  <testcase name="updateUserShoulReturnOk" classname="br.com.geradordedevs.picpaychallenge.facades.impl.UserFacadeImplTest" time="0.004"/>
  <system-out><![CDATA[]]></system-out>
  <system-err><![CDATA[]]></system-err>
</testsuite>
