<?xml version="1.0" encoding="UTF-8"?>
<testsuite name="br.com.geradordedevs.picpaychallenge.services.UserServiceImplTest" tests="1" skipped="0" failures="0" errors="0" timestamp="2023-04-05T17:14:38" hostname="mario-Inspiron-3501" time="0.184">
  <properties/>
  <testcase name="saveUserShouldReturnOk" classname="br.com.geradordedevs.picpaychallenge.services.UserServiceImplTest" time="0.184"/>
  <system-out><![CDATA[14:14:38.206 [Test worker] INFO br.com.geradordedevs.picpaychallenge.services.impl.UserServiceImpl -- save a new user UserEntity{id=null, name=User, documentType='CPF', documentNumber='null', email=null, balance='100'}: 
]]></system-out>
  <system-err><![CDATA[]]></system-err>
</testsuite>
